<?xml version="1.0" encoding="UTF-8"?>
<testsuite xmlns:xsi="http://www.w3.org/2001/XMLSchema-instance" xsi:noNamespaceSchemaLocation="https://maven.apache.org/surefire/maven-surefire-plugin/xsd/surefire-test-report-3.0.xsd" version="3.0" name="com.example.library.BookControllerTest" time="2.714" tests="3" errors="0" skipped="0" failures="0">
  <properties>
[...]
</properties>
  <testcase name="getAll_shouldReturn200AndList" classname="com.example.library.BookControllerTest" time="0.051">
    <system-out><![CDATA[08:52:24.109 [main] INFO org.springframework.test.context.support.AnnotationConfigContextLoaderUtils -- Could not detect default configuration classes for test class [com.example.library.BookControllerTest]: BookControllerTest does not declare any static, non-private, non-final, nested classes annotated with @Configuration.
08:52:24.219 [main] INFO org.springframework.boot.test.context.SpringBootTestContextBootstrapper -- Found @SpringBootConfiguration com.example.library.LibraryApplication for test class com.example.library.BookControllerTest
08:52:24.303 [main] INFO org.springframework.boot.devtools.restart.RestartApplicationListener -- Restart disabled due to context in which it is running

  .   ____          _            __ _ _
 /\\ / ___'_ __ _ _(_)_ __  __ _ \ \ \ \
( ( )\___ | '_ | '_| | '_ \/ _` | \ \ \ \
 \\/  ___)| |_)| | | | | || (_| |  ) ) ) )
  '  |____| .__|_| |_|_| |_\__, | / / / /
 =========|_|==============|___/=/_/_/_/
 :: Spring Boot ::                (v3.2.5)

2026-05-28T08:52:24.547+07:00  INFO 19284 --- [           main] com.example.library.BookControllerTest   : Starting BookControllerTest using Java 21.0.9 with PID 19284 (started by triet in D:\Downloads\base-project)
2026-05-28T08:52:24.547+07:00  INFO 19284 --- [           main] com.example.library.BookControllerTest   : No active profile set, falling back to 1 default profile: "default"
2026-05-28T08:52:26.557+07:00  INFO 19284 --- [           main] o.s.b.t.m.w.SpringBootMockServletContext : Initializing Spring TestDispatcherServlet ''
2026-05-28T08:52:26.557+07:00  INFO 19284 --- [           main] o.s.t.web.servlet.TestDispatcherServlet  : Initializing Servlet ''
2026-05-28T08:52:26.566+07:00  INFO 19284 --- [           main] o.s.t.web.servlet.TestDispatcherServlet  : Completed initialization in 0 ms
2026-05-28T08:52:26.588+07:00  INFO 19284 --- [           main] com.example.library.BookControllerTest   : Started BookControllerTest in 2.301 seconds (process running for 3.116)
]]></system-out>
    <system-err><![CDATA[WARNING: A Java agent has been loaded dynamically (C:\Users\triet\.m2\repository\net\bytebuddy\byte-buddy-agent\1.14.13\byte-buddy-agent-1.14.13.jar)
WARNING: If a serviceability tool is in use, please run with -XX:+EnableDynamicAgentLoading to hide this warning
WARNING: If a serviceability tool is not in use, please run with -Djdk.instrument.traceUsage for more information
WARNING: Dynamic loading of agents will be disallowed by default in a future release
]]></system-err>
  </testcase>
  <testcase name="getById_found_shouldReturn200" classname="com.example.library.BookControllerTest" time="0.006"/>
  <testcase name="getById_notFound_shouldReturn404" classname="com.example.library.BookControllerTest" time="0.005"/>
</testsuite>